INFO: Database engine strictly bound to: sqlite:///./finlume.db
INFO: Database engine active: sqlite:///./finlume.db
conftest: PostgreSQL unreachable. Falling back to SQLite.
============================= test session starts =============================
platform win32 -- Python 3.13.1, pytest-9.1.1, pluggy-1.6.0 -- C:\Program Files\Python313\python.exe
cachedir: .pytest_cache
rootdir: C:\Vijay\Projects\Finlume\finlume-backend
configfile: pytest.ini
plugins: anyio-4.14.1, asyncio-1.4.0
asyncio: mode=Mode.STRICT, debug=False, asyncio_default_fixture_loop_scope=None, asyncio_default_test_loop_scope=function
collecting ... collected 4 items

tests/test_phase6.py::test_forecast_agent PASSED
tests/test_phase6.py::test_anomaly_agent PASSED
tests/test_phase6.py::test_simulation_agent PASSED
tests/test_phase6.py::test_memory_service PASSED

============================== warnings summary ===============================
..\..\..\..\Users\vjana\AppData\Roaming\Python\Python313\site-packages\fastapi\testclient.py:1
  C:\Users\vjana\AppData\Roaming\Python\Python313\site-packages\fastapi\testclient.py:1: StarletteDeprecationWarning: Using `httpx` with `starlette.testclient` is deprecated; install `httpx2` instead.
    from starlette.testclient import TestClient as TestClient  # noqa

..\..\..\..\Users\vjana\AppData\Roaming\Python\Python313\site-packages\pythonjsonlogger\jsonlogger.py:11
  C:\Users\vjana\AppData\Roaming\Python\Python313\site-packages\pythonjsonlogger\jsonlogger.py:11: DeprecationWarning: pythonjsonlogger.jsonlogger has been moved to pythonjsonlogger.json
    warnings.warn(

app\database.py:15
  C:\Vijay\Projects\Finlume\finlume-backend\app\database.py:15: MovedIn20Warning: The ``declarative_base()`` function is now available as sqlalchemy.orm.declarative_base(). (deprecated since: 2.0) (Background on SQLAlchemy 2.0 at: https://sqlalche.me/e/b8d9)
    Base = declarative_base()

-- Docs: https://docs.pytest.org/en/stable/how-to/capture-warnings.html
======================== 4 passed, 3 warnings in 2.64s ========================
